[{
  "data": "[NbConvertApp] Converting notebook __notebook__.ipynb to notebook\n",
  "stream_name": "stderr",
  "time": 3.0799751939994167
},{
  "data": "[NbConvertApp] Executing notebook with kernel: python3\n",
  "stream_name": "stderr",
  "time": 3.1545654449946596
},{
  "data": "[NbConvertApp] Writing 116160 bytes to __notebook__.ipynb\n",
  "stream_name": "stderr",
  "time": 1884.4482581829943
},{
  "data": "[NbConvertApp] Converting notebook __notebook__.ipynb to html\n",
  "stream_name": "stderr",
  "time": 1887.005737677995
},{
  "data": "[NbConvertApp] Support files will be in __results___files/\n",
  "stream_name": "stderr",
  "time": 1887.6760013979947
},{
  "data": "[NbConvertApp] Making directory __results___files\n[NbConvertApp] Making directory __results___files\n[NbConvertApp] Making directory __results___files\n[NbConvertApp] Writing 370194 bytes to __results__.html\n",
  "stream_name": "stderr",
  "time": 1887.6819546859988
}]