[{
  "data": "[NbConvertApp] Converting notebook __notebook__.ipynb to notebook\n",
  "stream_name": "stderr",
  "time": 7.534000813000603
},{
  "data": "[NbConvertApp] Executing notebook with kernel: python3\n",
  "stream_name": "stderr",
  "time": 7.568094086000201
},{
  "data": "2019-04-12 00:26:50.918819: I tensorflow/core/platform/profile_utils/cpu_utils.cc:94] CPU Frequency: 2200000000 Hz\n",
  "stream_name": "stderr",
  "time": 34.529152762000194
},{
  "data": "2019-04-12 00:26:50.919149: I tensorflow/compiler/xla/service/service.cc:150] XLA service 0x559f563315f0 executing computations on platform Host. Devices:\n2019-04-12 00:26:50.919201: I tensorflow/compiler/xla/service/service.cc:158]   StreamExecutor device (0): <undefined>, <undefined>\n",
  "stream_name": "stderr",
  "time": 34.5348301110007
},{
  "data": "2019-04-12 00:26:51.066513: I tensorflow/stream_executor/cuda/cuda_gpu_executor.cc:998] successful NUMA node read from SysFS had negative value (-1), but there must be at least one NUMA node, so returning NUMA node zero\n",
  "stream_name": "stderr",
  "time": 34.67689471799986
},{
  "data": "2019-04-12 00:26:51.069197: I tensorflow/compiler/xla/service/service.cc:150] XLA service 0x559f563e5ab0 executing computations on platform CUDA. Devices:\n2019-04-12 00:26:51.069232: I tensorflow/compiler/xla/service/service.cc:158]   StreamExecutor device (0): Tesla P100-PCIE-16GB, Compute Capability 6.0\n",
  "stream_name": "stderr",
  "time": 34.67956383799992
},{
  "data": "2019-04-12 00:26:51.071399: I tensorflow/core/common_runtime/gpu/gpu_device.cc:1433] Found device 0 with properties: \nname: Tesla P100-PCIE-16GB major: 6 minor: 0 memoryClockRate(GHz): 1.3285\npciBusID: 0000:00:04.0\ntotalMemory: 15.90GiB freeMemory: 15.61GiB\n2019-04-12 00:26:51.071439: I tensorflow/core/common_runtime/gpu/gpu_device.cc:1512] Adding visible gpu devices: 0\n",
  "stream_name": "stderr",
  "time": 34.681600085000355
},{
  "data": "2019-04-12 00:26:52.517468: I tensorflow/core/common_runtime/gpu/gpu_device.cc:984] Device interconnect StreamExecutor with strength 1 edge matrix:\n2019-04-12 00:26:52.517532: I tensorflow/core/common_runtime/gpu/gpu_device.cc:990]      0 \n2019-04-12 00:26:52.517544: I tensorflow/core/common_runtime/gpu/gpu_device.cc:1003] 0:   N \n",
  "stream_name": "stderr",
  "time": 36.127937125000244
},{
  "data": "2019-04-12 00:26:52.520085: I tensorflow/core/common_runtime/gpu/gpu_device.cc:1115] Created TensorFlow device (/job:localhost/replica:0/task:0/device:GPU:0 with 15121 MB memory) -> physical GPU (device: 0, name: Tesla P100-PCIE-16GB, pci bus id: 0000:00:04.0, compute capability: 6.0)\n",
  "stream_name": "stderr",
  "time": 36.13019904700013
},{
  "data": "2019-04-12 00:26:54.237534: I tensorflow/stream_executor/dso_loader.cc:152] successfully opened CUDA library libcublas.so.10.0 locally\n",
  "stream_name": "stderr",
  "time": 37.84788575699986
},{
  "data": "[NbConvertApp] Writing 15736 bytes to __notebook__.ipynb\n",
  "stream_name": "stderr",
  "time": 1965.5610069620006
},{
  "data": "[NbConvertApp] Converting notebook __notebook__.ipynb to html\n",
  "stream_name": "stderr",
  "time": 1967.489728208
},{
  "data": "[NbConvertApp] Writing 307383 bytes to __results__.html\n",
  "stream_name": "stderr",
  "time": 1967.881454362
}]